This is XeTeX, Version 3.14159265-2.6-0.99992 (MiKTeX 2.9) (preloaded format=xelatex 2016.2.16)  24 JAN 2019 14:42
entering extended mode
**./STAT241-S19.tex
(STAT241-S19.tex
LaTeX2e <2016/02/01>
Babel <3.9n> and hyphenation patterns for 69 languages loaded.
("C:\Program Files (x86)\MiKTeX 2.9\tex\latex\base\book.cls"
Document Class: book 2014/09/29 v1.4h Standard LaTeX document class
("C:\Program Files (x86)\MiKTeX 2.9\tex\latex\base\bk10.clo"
File: bk10.clo 2014/09/29 v1.4h Standard LaTeX file (size option)
)
\c@part=\count79
\c@chapter=\count80
\c@section=\count81
\c@subsection=\count82
\c@subsubsection=\count83
\c@paragraph=\count84
\c@subparagraph=\count85
\c@figure=\count86
\c@table=\count87
\abovecaptionskip=\skip41
\belowcaptionskip=\skip42
\bibindent=\dimen102
)
("C:\Program Files (x86)\MiKTeX 2.9\tex\latex\graphics\graphicx.sty"
Package: graphicx 2014/10/28 v1.0g Enhanced LaTeX Graphics (DPC,SPQR)

("C:\Program Files (x86)\MiKTeX 2.9\tex\latex\graphics\keyval.sty"
Package: keyval 2014/10/28 v1.15 key=value parser (DPC)
\KV@toks@=\toks14
)
("C:\Program Files (x86)\MiKTeX 2.9\tex\latex\graphics\graphics.sty"
Package: graphics 2016/01/03 v1.0q Standard LaTeX Graphics (DPC,SPQR)

("C:\Program Files (x86)\MiKTeX 2.9\tex\latex\graphics\trig.sty"
Package: trig 2016/01/03 v1.10 sin cos tan (DPC)
)
("C:\Program Files (x86)\MiKTeX 2.9\tex\latex\00miktex\graphics.cfg"
File: graphics.cfg 2007/01/18 v1.5 graphics configuration of teTeX/TeXLive
)
Package graphics Info: Driver file: xetex.def on input line 95.

("C:\Program Files (x86)\MiKTeX 2.9\tex\xelatex\xetex-def\xetex.def"
File: xetex.def 2015/09/11 v4.06 LaTeX color/graphics driver for XeTeX (TeX Liv
e/RRM/JK)

("C:\Program Files (x86)\MiKTeX 2.9\tex\generic\oberdiek\infwarerr.sty"
Package: infwarerr 2010/04/08 v1.3 Providing info/warning/error messages (HO)
)
("C:\Program Files (x86)\MiKTeX 2.9\tex\generic\oberdiek\ltxcmds.sty"
Package: ltxcmds 2011/11/09 v1.22 LaTeX kernel commands for general use (HO)
)))
\Gin@req@height=\dimen103
\Gin@req@width=\dimen104
)
("C:\Program Files (x86)\MiKTeX 2.9\tex\latex\xcolor\xcolor.sty"
Package: xcolor 2007/01/21 v2.11 LaTeX color extensions (UK)

("C:\Program Files (x86)\MiKTeX 2.9\tex\latex\00miktex\color.cfg"
File: color.cfg 2007/01/18 v1.5 color configuration of teTeX/TeXLive
)
Package xcolor Info: Driver file: xetex.def on input line 225.
Package xcolor Info: Model `cmy' substituted by `cmy0' on input line 1337.
Package xcolor Info: Model `RGB' extended on input line 1353.
Package xcolor Info: Model `HTML' substituted by `rgb' on input line 1355.
Package xcolor Info: Model `Hsb' substituted by `hsb' on input line 1356.
Package xcolor Info: Model `tHsb' substituted by `hsb' on input line 1357.
Package xcolor Info: Model `HSB' substituted by `hsb' on input line 1358.
Package xcolor Info: Model `Gray' substituted by `gray' on input line 1359.
Package xcolor Info: Model `wave' substituted by `hsb' on input line 1360.
)
("C:\Program Files (x86)\MiKTeX 2.9\tex\latex\framed\framed.sty"
Package: framed 2011/10/22 v 0.96: framed or shaded text with page breaks
\OuterFrameSep=\skip43
\fb@frw=\dimen105
\fb@frh=\dimen106
\FrameRule=\dimen107
\FrameSep=\dimen108
)
("C:\Program Files (x86)\MiKTeX 2.9\tex\latex\base\alltt.sty"
Package: alltt 1997/06/16 v2.0g defines alltt environment
)
("C:\Program Files (x86)\MiKTeX 2.9\tex\latex\geometry\geometry.sty"
Package: geometry 2010/09/12 v5.6 Page Geometry

("C:\Program Files (x86)\MiKTeX 2.9\tex\generic\oberdiek\ifpdf.sty"
Package: ifpdf 2011/01/30 v2.3 Provides the ifpdf switch (HO)
Package ifpdf Info: pdfTeX in PDF mode is not detected.
)
("C:\Program Files (x86)\MiKTeX 2.9\tex\generic\oberdiek\ifvtex.sty"
Package: ifvtex 2010/03/01 v1.5 Detect VTeX and its facilities (HO)
Package ifvtex Info: VTeX not detected.
)
("C:\Program Files (x86)\MiKTeX 2.9\tex\generic\ifxetex\ifxetex.sty"
Package: ifxetex 2010/09/12 v0.6 Provides ifxetex conditional
)
\Gm@cnth=\count88
\Gm@cntv=\count89
\c@Gm@tempcnt=\count90
\Gm@bindingoffset=\dimen109
\Gm@wd@mp=\dimen110
\Gm@odd@mp=\dimen111
\Gm@even@mp=\dimen112
\Gm@layoutwidth=\dimen113
\Gm@layoutheight=\dimen114
\Gm@layouthoffset=\dimen115
\Gm@layoutvoffset=\dimen116
\Gm@dimlist=\toks15

("C:\Program Files (x86)\MiKTeX 2.9\tex\xelatex\xetexconfig\geometry.cfg"))
("C:\Program Files (x86)\MiKTeX 2.9\tex\latex\amsmath\amsmath.sty"
Package: amsmath 2013/01/14 v2.14 AMS math features
\@mathmargin=\skip44

For additional information on amsmath, use the `?' option.
("C:\Program Files (x86)\MiKTeX 2.9\tex\latex\amsmath\amstext.sty"
Package: amstext 2000/06/29 v2.01

("C:\Program Files (x86)\MiKTeX 2.9\tex\latex\amsmath\amsgen.sty"
File: amsgen.sty 1999/11/30 v2.0
\@emptytoks=\toks16
\ex@=\dimen117
))
("C:\Program Files (x86)\MiKTeX 2.9\tex\latex\amsmath\amsbsy.sty"
Package: amsbsy 1999/11/29 v1.2d
\pmbraise@=\dimen118
)
("C:\Program Files (x86)\MiKTeX 2.9\tex\latex\amsmath\amsopn.sty"
Package: amsopn 1999/12/14 v2.01 operator names
)
\inf@bad=\count91
LaTeX Info: Redefining \frac on input line 210.
\uproot@=\count92
\leftroot@=\count93
LaTeX Info: Redefining \overline on input line 306.
\classnum@=\count94
\DOTSCASE@=\count95
LaTeX Info: Redefining \ldots on input line 378.
LaTeX Info: Redefining \dots on input line 381.
LaTeX Info: Redefining \cdots on input line 466.
\Mathstrutbox@=\box26
\strutbox@=\box27
\big@size=\dimen119
LaTeX Font Info:    Redeclaring font encoding OML on input line 566.
LaTeX Font Info:    Redeclaring font encoding OMS on input line 567.
\macc@depth=\count96
\c@MaxMatrixCols=\count97
\dotsspace@=\muskip10
\c@parentequation=\count98
\dspbrk@lvl=\count99
\tag@help=\toks17
\row@=\count100
\column@=\count101
\maxfields@=\count102
\andhelp@=\toks18
\eqnshift@=\dimen120
\alignsep@=\dimen121
\tagshift@=\dimen122
\tagwidth@=\dimen123
\totwidth@=\dimen124
\lineht@=\dimen125
\@envbody=\toks19
\multlinegap=\skip45
\multlinetaggap=\skip46
\mathdisplay@stack=\toks20
LaTeX Info: Redefining \[ on input line 2665.
LaTeX Info: Redefining \] on input line 2666.
)
("C:\Users\Stacy DeRuiter\Dropbox\localtexmf\tex\latex\probstat.sty"
Package: probstat 

("C:\Program Files (x86)\MiKTeX 2.9\tex\latex\base\ifthen.sty"
Package: ifthen 2014/09/29 v1.1c Standard LaTeX ifthen package (DPC)
)
("C:\Program Files (x86)\MiKTeX 2.9\tex\latex\tools\bm.sty"
Package: bm 2014/10/28 v1.1c Bold Symbol Support (DPC/FMi)
\symboldoperators=\mathgroup4
\symboldletters=\mathgroup5
\symboldsymbols=\mathgroup6
LaTeX Font Info:    Redeclaring math alphabet \mathbf on input line 141.
LaTeX Info: Redefining \bm on input line 207.
)
("C:\Program Files (x86)\MiKTeX 2.9\tex\latex\fancyvrb\fancyvrb.sty"
Package: fancyvrb 2008/02/07

Style option: `fancyvrb' v2.7a, with DG/SPQR fixes, and firstline=lastline fix 
<2008/02/07> (tvz)
\FV@CodeLineNo=\count103
\FV@InFile=\read1
\FV@TabBox=\box28
\c@FancyVerbLine=\count104
\FV@StepNumber=\count105
\FV@OutFile=\write3
)
\cwidth=\skip47
)
("C:\Program Files (x86)\MiKTeX 2.9\tex\latex\booktabs\booktabs.sty"
Package: booktabs 2005/04/14 v1.61803 publication quality tables
\heavyrulewidth=\dimen126
\lightrulewidth=\dimen127
\cmidrulewidth=\dimen128
\belowrulesep=\dimen129
\belowbottomsep=\dimen130
\aboverulesep=\dimen131
\abovetopsep=\dimen132
\cmidrulesep=\dimen133
\cmidrulekern=\dimen134
\defaultaddspace=\dimen135
\@cmidla=\count106
\@cmidlb=\count107
\@aboverulesep=\dimen136
\@belowrulesep=\dimen137
\@thisruleclass=\count108
\@lastruleclass=\count109
\@thisrulewidth=\dimen138
)
("C:\Program Files (x86)\MiKTeX 2.9\tex\latex\xstring\xstring.sty"
("C:\Program Files (x86)\MiKTeX 2.9\tex\generic\xstring\xstring.tex"
\@xs@message=\write4
\integerpart=\count110
\decimalpart=\count111
)
Package: xstring 2013/10/13  v1.7c  String manipulations (C Tellechea)
)
("C:\Program Files (x86)\MiKTeX 2.9\tex\latex\base\makeidx.sty"
Package: makeidx 2014/09/29 v1.0m Standard LaTeX package
)
("C:\Program Files (x86)\MiKTeX 2.9\tex\latex\hyperref\hyperref.sty"
Package: hyperref 2012/11/06 v6.83m Hypertext links for LaTeX

("C:\Program Files (x86)\MiKTeX 2.9\tex\generic\oberdiek\hobsub-hyperref.sty"
Package: hobsub-hyperref 2012/04/25 v1.12 Bundle oberdiek, subset hyperref (HO)


("C:\Program Files (x86)\MiKTeX 2.9\tex\generic\oberdiek\hobsub-generic.sty"
Package: hobsub-generic 2012/04/25 v1.12 Bundle oberdiek, subset generic (HO)
Package: hobsub 2012/04/25 v1.12 Construct package bundles (HO)
Package hobsub Info: Skipping package `infwarerr' (already loaded).
Package hobsub Info: Skipping package `ltxcmds' (already loaded).
Package: ifluatex 2010/03/01 v1.3 Provides the ifluatex switch (HO)
Package ifluatex Info: LuaTeX not detected.
Package hobsub Info: Skipping package `ifvtex' (already loaded).
Package: intcalc 2007/09/27 v1.1 Expandable calculations with integers (HO)
Package hobsub Info: Skipping package `ifpdf' (already loaded).
Package: etexcmds 2011/02/16 v1.5 Avoid name clashes with e-TeX commands (HO)
Package etexcmds Info: Could not find \expanded.
(etexcmds)             That can mean that you are not using pdfTeX 1.50 or
(etexcmds)             that some package has redefined \expanded.
(etexcmds)             In the latter case, load this package earlier.
Package: kvsetkeys 2012/04/25 v1.16 Key value parser (HO)
Package: kvdefinekeys 2011/04/07 v1.3 Define keys (HO)
Package: pdftexcmds 2011/11/29 v0.20 Utility functions of pdfTeX for LuaTeX (HO
)
Package pdftexcmds Info: LuaTeX not detected.
Package pdftexcmds Info: pdfTeX >= 1.30 not detected.
Package pdftexcmds Info: \pdf@primitive is available.
Package pdftexcmds Info: \pdf@ifprimitive is available.
Package pdftexcmds Info: \pdfdraftmode not found.
Package: pdfescape 2011/11/25 v1.13 Implements pdfTeX's escape features (HO)
Package: bigintcalc 2012/04/08 v1.3 Expandable calculations on big integers (HO
)
Package: bitset 2011/01/30 v1.1 Handle bit-vector datatype (HO)
Package: uniquecounter 2011/01/30 v1.2 Provide unlimited unique counter (HO)
)
Package hobsub Info: Skipping package `hobsub' (already loaded).
Package: letltxmacro 2010/09/02 v1.4 Let assignment for LaTeX macros (HO)
Package: hopatch 2011/06/24 v1.1 Wrapper for package hooks (HO)
Package: xcolor-patch 2011/01/30 xcolor patch
Package: atveryend 2011/06/30 v1.8 Hooks at the very end of document (HO)
Package atveryend Info: \enddocument detected (standard20110627).
Package: atbegshi 2011/10/05 v1.16 At begin shipout hook (HO)
Package: refcount 2011/10/16 v3.4 Data extraction from label references (HO)
Package: hycolor 2011/01/30 v1.7 Color options for hyperref/bookmark (HO)
)
("C:\Program Files (x86)\MiKTeX 2.9\tex\latex\oberdiek\auxhook.sty"
Package: auxhook 2011/03/04 v1.3 Hooks for auxiliary files (HO)
)
("C:\Program Files (x86)\MiKTeX 2.9\tex\latex\oberdiek\kvoptions.sty"
Package: kvoptions 2011/06/30 v3.11 Key value format for package options (HO)
)
\@linkdim=\dimen139
\Hy@linkcounter=\count112
\Hy@pagecounter=\count113

("C:\Program Files (x86)\MiKTeX 2.9\tex\latex\hyperref\pd1enc.def"
File: pd1enc.def 2012/11/06 v6.83m Hyperref: PDFDocEncoding definition (HO)
)
\Hy@SavedSpaceFactor=\count114

("C:\Program Files (x86)\MiKTeX 2.9\tex\latex\00miktex\hyperref.cfg"
File: hyperref.cfg 2002/06/06 v1.2 hyperref configuration of TeXLive
)
Package hyperref Info: Hyper figures OFF on input line 4443.
Package hyperref Info: Link nesting OFF on input line 4448.
Package hyperref Info: Hyper index ON on input line 4451.
Package hyperref Info: Plain pages OFF on input line 4458.
Package hyperref Info: Backreferencing OFF on input line 4463.
Package hyperref Info: Implicit mode ON; LaTeX internals redefined.
Package hyperref Info: Bookmarks ON on input line 4688.
\c@Hy@tempcnt=\count115

("C:\Program Files (x86)\MiKTeX 2.9\tex\latex\url\url.sty"
\Urlmuskip=\muskip11
Package: url 2013/09/16  ver 3.4  Verb mode for urls, etc.
)
LaTeX Info: Redefining \url on input line 5041.
\XeTeXLinkMargin=\dimen140
Requested font "pzdr" at 0.00002pt
\Fld@menulength=\count116
\Field@Width=\dimen141
\Fld@charsize=\dimen142
Package hyperref Info: Hyper figures OFF on input line 6295.
Package hyperref Info: Link nesting OFF on input line 6300.
Package hyperref Info: Hyper index ON on input line 6303.
Package hyperref Info: backreferencing OFF on input line 6310.
Package hyperref Info: Link coloring OFF on input line 6315.
Package hyperref Info: Link coloring with OCG OFF on input line 6320.
Package hyperref Info: PDF/A mode OFF on input line 6325.
LaTeX Info: Redefining \ref on input line 6365.
LaTeX Info: Redefining \pageref on input line 6369.
\Hy@abspage=\count117
\c@Item=\count118
\c@Hfootnote=\count119
)

Package hyperref Message: Driver (autodetected): hxetex.

("C:\Program Files (x86)\MiKTeX 2.9\tex\latex\hyperref\hxetex.def"
File: hxetex.def 2012/11/06 v6.83m Hyperref driver for XeTeX

("C:\Program Files (x86)\MiKTeX 2.9\tex\latex\hyperref\puenc.def"
File: puenc.def 2012/11/06 v6.83m Hyperref: PDF Unicode definition (HO)
)
("C:\Program Files (x86)\MiKTeX 2.9\tex\generic\oberdiek\stringenc.sty"
Package: stringenc 2011/12/02 v1.10 Convert strings between diff. encodings (HO
)
)
\pdfm@box=\box29
\c@Hy@AnnotLevel=\count120
\HyField@AnnotCount=\count121
\Fld@listcount=\count122
\c@bookmark@seq@number=\count123

("C:\Program Files (x86)\MiKTeX 2.9\tex\latex\oberdiek\rerunfilecheck.sty"
Package: rerunfilecheck 2011/04/15 v1.7 Rerun checks for auxiliary files (HO)
Package rerunfilecheck Info: Feature \pdfmdfivesum is not available
(rerunfilecheck)             (e.g. pdfTeX or LuaTeX with package `pdftexcmds').

(rerunfilecheck)             Therefore file contents cannot be checked efficien
tly
(rerunfilecheck)             and the loading of the package is aborted.
)
\Hy@SectionHShift=\skip48
)
("C:\Program Files (x86)\MiKTeX 2.9\tex\latex\pgf\frontendlayer\tikz.sty"
("C:\Program Files (x86)\MiKTeX 2.9\tex\latex\pgf\basiclayer\pgf.sty"
("C:\Program Files (x86)\MiKTeX 2.9\tex\latex\pgf\utilities\pgfrcs.sty"
("C:\Program Files (x86)\MiKTeX 2.9\tex\generic\pgf\utilities\pgfutil-common.te
x"
\pgfutil@everybye=\toks21
\pgfutil@tempdima=\dimen143
\pgfutil@tempdimb=\dimen144

("C:\Program Files (x86)\MiKTeX 2.9\tex\generic\pgf\utilities\pgfutil-common-li
sts.tex"))
("C:\Program Files (x86)\MiKTeX 2.9\tex\generic\pgf\utilities\pgfutil-latex.def
"
\pgfutil@abb=\box30
 ("C:\Program Files (x86)\MiKTeX 2.9\tex\latex\ms\everyshi.sty"
Package: everyshi 2001/05/15 v3.00 EveryShipout Package (MS)
))
("C:\Program Files (x86)\MiKTeX 2.9\tex\generic\pgf\utilities\pgfrcs.code.tex"
Package: pgfrcs 2015/08/07 v3.0.1a (rcs-revision 1.31)
))
Package: pgf 2015/08/07 v3.0.1a (rcs-revision 1.15)
 ("C:\Program Files (x86)\MiKTeX 2.9\tex\latex\pgf\basiclayer\pgfcore.sty"
("C:\Program Files (x86)\MiKTeX 2.9\tex\latex\pgf\systemlayer\pgfsys.sty"
("C:\Program Files (x86)\MiKTeX 2.9\tex\generic\pgf\systemlayer\pgfsys.code.tex
"
Package: pgfsys 2014/07/09 v3.0.1a (rcs-revision 1.48)
 ("C:\Program Files (x86)\MiKTeX 2.9\tex\generic\pgf\utilities\pgfkeys.code.tex
"
\pgfkeys@pathtoks=\toks22
\pgfkeys@temptoks=\toks23

("C:\Program Files (x86)\MiKTeX 2.9\tex\generic\pgf\utilities\pgfkeysfiltered.c
ode.tex"
\pgfkeys@tmptoks=\toks24
))
\pgf@x=\dimen145
\pgf@y=\dimen146
\pgf@xa=\dimen147
\pgf@ya=\dimen148
\pgf@xb=\dimen149
\pgf@yb=\dimen150
\pgf@xc=\dimen151
\pgf@yc=\dimen152
\w@pgf@writea=\write5
\r@pgf@reada=\read2
\c@pgf@counta=\count124
\c@pgf@countb=\count125
\c@pgf@countc=\count126
\c@pgf@countd=\count127
\t@pgf@toka=\toks25
\t@pgf@tokb=\toks26
\t@pgf@tokc=\toks27

("C:\Program Files (x86)\MiKTeX 2.9\tex\generic\pgf\systemlayer\pgf.cfg"
File: pgf.cfg 2008/05/14  (rcs-revision 1.7)
)
Driver file for pgf: pgfsys-xetex.def

("C:\Program Files (x86)\MiKTeX 2.9\tex\generic\pgf\systemlayer\pgfsys-xetex.de
f"
File: pgfsys-xetex.def 2014/07/09  (rcs-revision 1.11)

("C:\Program Files (x86)\MiKTeX 2.9\tex\generic\pgf\systemlayer\pgfsys-dvipdfmx
.def"
File: pgfsys-dvipdfmx.def 2014/07/09  (rcs-revision 1.14)

("C:\Program Files (x86)\MiKTeX 2.9\tex\generic\pgf\systemlayer\pgfsys-common-p
df.def"
File: pgfsys-common-pdf.def 2013/10/10  (rcs-revision 1.13)
)
\pgfsys@objnum=\count128
)))
("C:\Program Files (x86)\MiKTeX 2.9\tex\generic\pgf\systemlayer\pgfsyssoftpath.
code.tex"
File: pgfsyssoftpath.code.tex 2013/09/09  (rcs-revision 1.9)
\pgfsyssoftpath@smallbuffer@items=\count129
\pgfsyssoftpath@bigbuffer@items=\count130
)
("C:\Program Files (x86)\MiKTeX 2.9\tex\generic\pgf\systemlayer\pgfsysprotocol.
code.tex"
File: pgfsysprotocol.code.tex 2006/10/16  (rcs-revision 1.4)
))
("C:\Program Files (x86)\MiKTeX 2.9\tex\generic\pgf\basiclayer\pgfcore.code.tex
"
Package: pgfcore 2010/04/11 v3.0.1a (rcs-revision 1.7)
 ("C:\Program Files (x86)\MiKTeX 2.9\tex\generic\pgf\math\pgfmath.code.tex"
("C:\Program Files (x86)\MiKTeX 2.9\tex\generic\pgf\math\pgfmathcalc.code.tex"
("C:\Program Files (x86)\MiKTeX 2.9\tex\generic\pgf\math\pgfmathutil.code.tex")
("C:\Program Files (x86)\MiKTeX 2.9\tex\generic\pgf\math\pgfmathparser.code.tex
"
\pgfmath@dimen=\dimen153
\pgfmath@count=\count131
\pgfmath@box=\box31
\pgfmath@toks=\toks28
\pgfmath@stack@operand=\toks29
\pgfmath@stack@operation=\toks30
)
("C:\Program Files (x86)\MiKTeX 2.9\tex\generic\pgf\math\pgfmathfunctions.code.
tex"
("C:\Program Files (x86)\MiKTeX 2.9\tex\generic\pgf\math\pgfmathfunctions.basic
.code.tex")
("C:\Program Files (x86)\MiKTeX 2.9\tex\generic\pgf\math\pgfmathfunctions.trigo
nometric.code.tex")
("C:\Program Files (x86)\MiKTeX 2.9\tex\generic\pgf\math\pgfmathfunctions.rando
m.code.tex")
("C:\Program Files (x86)\MiKTeX 2.9\tex\generic\pgf\math\pgfmathfunctions.compa
rison.code.tex")
("C:\Program Files (x86)\MiKTeX 2.9\tex\generic\pgf\math\pgfmathfunctions.base.
code.tex")
("C:\Program Files (x86)\MiKTeX 2.9\tex\generic\pgf\math\pgfmathfunctions.round
.code.tex")
("C:\Program Files (x86)\MiKTeX 2.9\tex\generic\pgf\math\pgfmathfunctions.misc.
code.tex")
("C:\Program Files (x86)\MiKTeX 2.9\tex\generic\pgf\math\pgfmathfunctions.integ
erarithmetics.code.tex")))
("C:\Program Files (x86)\MiKTeX 2.9\tex\generic\pgf\math\pgfmathfloat.code.tex"
\c@pgfmathroundto@lastzeros=\count132
))
("C:\Program Files (x86)\MiKTeX 2.9\tex\generic\pgf\basiclayer\pgfcorepoints.co
de.tex"
File: pgfcorepoints.code.tex 2013/10/07  (rcs-revision 1.27)
\pgf@picminx=\dimen154
\pgf@picmaxx=\dimen155
\pgf@picminy=\dimen156
\pgf@picmaxy=\dimen157
\pgf@pathminx=\dimen158
\pgf@pathmaxx=\dimen159
\pgf@pathminy=\dimen160
\pgf@pathmaxy=\dimen161
\pgf@xx=\dimen162
\pgf@xy=\dimen163
\pgf@yx=\dimen164
\pgf@yy=\dimen165
\pgf@zx=\dimen166
\pgf@zy=\dimen167
)
("C:\Program Files (x86)\MiKTeX 2.9\tex\generic\pgf\basiclayer\pgfcorepathconst
ruct.code.tex"
File: pgfcorepathconstruct.code.tex 2013/10/07  (rcs-revision 1.29)
\pgf@path@lastx=\dimen168
\pgf@path@lasty=\dimen169
)
("C:\Program Files (x86)\MiKTeX 2.9\tex\generic\pgf\basiclayer\pgfcorepathusage
.code.tex"
File: pgfcorepathusage.code.tex 2014/11/02  (rcs-revision 1.24)
\pgf@shorten@end@additional=\dimen170
\pgf@shorten@start@additional=\dimen171
)
("C:\Program Files (x86)\MiKTeX 2.9\tex\generic\pgf\basiclayer\pgfcorescopes.co
de.tex"
File: pgfcorescopes.code.tex 2015/05/08  (rcs-revision 1.46)
\pgfpic=\box32
\pgf@hbox=\box33
\pgf@layerbox@main=\box34
\pgf@picture@serial@count=\count133
)
("C:\Program Files (x86)\MiKTeX 2.9\tex\generic\pgf\basiclayer\pgfcoregraphicst
ate.code.tex"
File: pgfcoregraphicstate.code.tex 2014/11/02  (rcs-revision 1.12)
\pgflinewidth=\dimen172
)
("C:\Program Files (x86)\MiKTeX 2.9\tex\generic\pgf\basiclayer\pgfcoretransform
ations.code.tex"
File: pgfcoretransformations.code.tex 2015/08/07  (rcs-revision 1.20)
\pgf@pt@x=\dimen173
\pgf@pt@y=\dimen174
\pgf@pt@temp=\dimen175
)
("C:\Program Files (x86)\MiKTeX 2.9\tex\generic\pgf\basiclayer\pgfcorequick.cod
e.tex"
File: pgfcorequick.code.tex 2008/10/09  (rcs-revision 1.3)
)
("C:\Program Files (x86)\MiKTeX 2.9\tex\generic\pgf\basiclayer\pgfcoreobjects.c
ode.tex"
File: pgfcoreobjects.code.tex 2006/10/11  (rcs-revision 1.2)
)
("C:\Program Files (x86)\MiKTeX 2.9\tex\generic\pgf\basiclayer\pgfcorepathproce
ssing.code.tex"
File: pgfcorepathprocessing.code.tex 2013/09/09  (rcs-revision 1.9)
)
("C:\Program Files (x86)\MiKTeX 2.9\tex\generic\pgf\basiclayer\pgfcorearrows.co
de.tex"
File: pgfcorearrows.code.tex 2015/05/14  (rcs-revision 1.43)
\pgfarrowsep=\dimen176
)
("C:\Program Files (x86)\MiKTeX 2.9\tex\generic\pgf\basiclayer\pgfcoreshade.cod
e.tex"
File: pgfcoreshade.code.tex 2013/07/15  (rcs-revision 1.15)
\pgf@max=\dimen177
\pgf@sys@shading@range@num=\count134
)
("C:\Program Files (x86)\MiKTeX 2.9\tex\generic\pgf\basiclayer\pgfcoreimage.cod
e.tex"
File: pgfcoreimage.code.tex 2013/07/15  (rcs-revision 1.18)

("C:\Program Files (x86)\MiKTeX 2.9\tex\generic\pgf\basiclayer\pgfcoreexternal.
code.tex"
File: pgfcoreexternal.code.tex 2014/07/09  (rcs-revision 1.21)
\pgfexternal@startupbox=\box35
))
("C:\Program Files (x86)\MiKTeX 2.9\tex\generic\pgf\basiclayer\pgfcorelayers.co
de.tex"
File: pgfcorelayers.code.tex 2013/07/18  (rcs-revision 1.7)
)
("C:\Program Files (x86)\MiKTeX 2.9\tex\generic\pgf\basiclayer\pgfcoretranspare
ncy.code.tex"
File: pgfcoretransparency.code.tex 2013/09/30  (rcs-revision 1.5)
)
("C:\Program Files (x86)\MiKTeX 2.9\tex\generic\pgf\basiclayer\pgfcorepatterns.
code.tex"
File: pgfcorepatterns.code.tex 2013/11/07  (rcs-revision 1.5)
)))
("C:\Program Files (x86)\MiKTeX 2.9\tex\generic\pgf\modules\pgfmoduleshapes.cod
e.tex"
File: pgfmoduleshapes.code.tex 2014/03/21  (rcs-revision 1.35)
\pgfnodeparttextbox=\box36
)
("C:\Program Files (x86)\MiKTeX 2.9\tex\generic\pgf\modules\pgfmoduleplot.code.
tex"
File: pgfmoduleplot.code.tex 2015/08/03  (rcs-revision 1.13)
)
("C:\Program Files (x86)\MiKTeX 2.9\tex\latex\pgf\compatibility\pgfcomp-version
-0-65.sty"
Package: pgfcomp-version-0-65 2007/07/03 v3.0.1a (rcs-revision 1.7)
\pgf@nodesepstart=\dimen178
\pgf@nodesepend=\dimen179
)
("C:\Program Files (x86)\MiKTeX 2.9\tex\latex\pgf\compatibility\pgfcomp-version
-1-18.sty"
Package: pgfcomp-version-1-18 2007/07/23 v3.0.1a (rcs-revision 1.1)
))
("C:\Program Files (x86)\MiKTeX 2.9\tex\latex\pgf\utilities\pgffor.sty"
("C:\Program Files (x86)\MiKTeX 2.9\tex\latex\pgf\utilities\pgfkeys.sty"
("C:\Program Files (x86)\MiKTeX 2.9\tex\generic\pgf\utilities\pgfkeys.code.tex"
)) ("C:\Program Files (x86)\MiKTeX 2.9\tex\latex\pgf\math\pgfmath.sty"
("C:\Program Files (x86)\MiKTeX 2.9\tex\generic\pgf\math\pgfmath.code.tex"))
("C:\Program Files (x86)\MiKTeX 2.9\tex\generic\pgf\utilities\pgffor.code.tex"
Package: pgffor 2013/12/13 v3.0.1a (rcs-revision 1.25)

("C:\Program Files (x86)\MiKTeX 2.9\tex\generic\pgf\math\pgfmath.code.tex")
\pgffor@iter=\dimen180
\pgffor@skip=\dimen181
\pgffor@stack=\toks31
\pgffor@toks=\toks32
))
("C:\Program Files (x86)\MiKTeX 2.9\tex\generic\pgf\frontendlayer\tikz\tikz.cod
e.tex"
Package: tikz 2015/08/07 v3.0.1a (rcs-revision 1.151)

("C:\Program Files (x86)\MiKTeX 2.9\tex\generic\pgf\libraries\pgflibraryplothan
dlers.code.tex"
File: pgflibraryplothandlers.code.tex 2013/08/31 v3.0.1a (rcs-revision 1.20)
\pgf@plot@mark@count=\count135
\pgfplotmarksize=\dimen182
)
\tikz@lastx=\dimen183
\tikz@lasty=\dimen184
\tikz@lastxsaved=\dimen185
\tikz@lastysaved=\dimen186
\tikzleveldistance=\dimen187
\tikzsiblingdistance=\dimen188
\tikz@figbox=\box37
\tikz@figbox@bg=\box38
\tikz@tempbox=\box39
\tikz@tempbox@bg=\box40
\tikztreelevel=\count136
\tikznumberofchildren=\count137
\tikznumberofcurrentchild=\count138
\tikz@fig@count=\count139

("C:\Program Files (x86)\MiKTeX 2.9\tex\generic\pgf\modules\pgfmodulematrix.cod
e.tex"
File: pgfmodulematrix.code.tex 2013/09/17  (rcs-revision 1.8)
\pgfmatrixcurrentrow=\count140
\pgfmatrixcurrentcolumn=\count141
\pgf@matrix@numberofcolumns=\count142
)
\tikz@expandcount=\count143

("C:\Program Files (x86)\MiKTeX 2.9\tex\generic\pgf\frontendlayer\tikz\librarie
s\tikzlibrarytopaths.code.tex"
File: tikzlibrarytopaths.code.tex 2008/06/17 v3.0.1a (rcs-revision 1.2)
)))
("C:\Program Files (x86)\MiKTeX 2.9\tex\generic\pgf\frontendlayer\tikz\librarie
s\tikzlibrarypatterns.code.tex"
File: tikzlibrarypatterns.code.tex 2008/01/15 v3.0.1a (rcs-revision 1.2)

("C:\Program Files (x86)\MiKTeX 2.9\tex\generic\pgf\libraries\pgflibrarypattern
s.code.tex"
File: pgflibrarypatterns.code.tex 2008/03/03 v3.0.1a (rcs-revision 1.13)
))
("C:\Users\Stacy DeRuiter\Dropbox\localtexmf\tex\latex\authNote.sty"
Package: authNote 2005/06/14 1.0 (RJP)
\tempTok=\toks33
\c@noteNum=\count144
\noteFile=\write6
\openout6 = `STAT241-S19.notes'.

)
("C:\Users\Stacy DeRuiter\Dropbox\localtexmf\tex\latex\problems.sty"
Package: problems 2007/12/11 v0.1 problems package (R. Pruim (based on P.Pichau
reau))
\probskip=\skip49
\Exesep=\skip50
\Exetopsep=\skip51
\Exeparsep=\skip52
\Exepartopsep=\skip53
\Exeleftmargin=\skip54
\Exerightmargin=\skip55
\Exelabelwidth=\skip56
\Exelabelsep=\skip57
\ExerciseBefore=\skip58
\QuestionBefore=\skip59
\subQuestionBefore=\skip60
\subsubQuestionBefore=\skip61
\QuestionIndent=\skip62
\subQuestionIndent=\skip63
\subsubQuestionIndent=\skip64
\c@Exercise=\count145
\c@ExePart=\count146
\c@Question=\count147
\c@subQuestion=\count148
\c@subsubQuestion=\count149
\c@savedQuestion=\count150
\c@savedsubQuestion=\count151
\c@savedsubsubQuestion=\count152
\@QuestionLevel=\count153
\@Exercisebox=\box41
\all@Exercisebox=\box42
\temp@Exercisebox=\box43
\all@Answerbox=\box44
\temp@Answerbox=\box45
\ExerciseDifficulty=\count154
\QuestionDifficulty=\count155
\subQuestionDifficulty=\count156
\subsubQuestionDifficulty=\count157
\ExePartDifficulty=\count158
\@Answerbox=\box46
\colonnesLevel=\count159
\tempskipa=\skip65
\tempskipb=\skip66
)
("C:\Program Files (x86)\MiKTeX 2.9\tex\latex\tools\multicol.sty"
Package: multicol 2015/08/19 v1.8n multicolumn formatting (FMi)
\c@tracingmulticols=\count160
\mult@box=\box47
\multicol@leftmargin=\dimen189
\c@unbalance=\count161
\c@collectmore=\count162
\doublecol@number=\count163
\multicoltolerance=\count164
\multicolpretolerance=\count165
\full@width=\dimen190
\page@free=\dimen191
\premulticols=\dimen192
\postmulticols=\dimen193
\multicolsep=\skip67
\multicolbaselineskip=\skip68
\partial@page=\box48
\last@line=\box49
\maxbalancingoverflow=\dimen194
\mult@rightbox=\box50
\mult@grightbox=\box51
\mult@gfirstbox=\box52
\mult@firstbox=\box53
\@tempa=\box54
\@tempa=\box55
\@tempa=\box56
\@tempa=\box57
\@tempa=\box58
\@tempa=\box59
\@tempa=\box60
\@tempa=\box61
\@tempa=\box62
\@tempa=\box63
\@tempa=\box64
\@tempa=\box65
\@tempa=\box66
\@tempa=\box67
\@tempa=\box68
\@tempa=\box69
\@tempa=\box70
\c@columnbadness=\count166
\c@finalcolumnbadness=\count167
\last@try=\dimen195
\multicolovershoot=\dimen196
\multicolundershoot=\dimen197
\mult@nat@firstbox=\box71
\colbreak@box=\box72
\mc@col@check@num=\count168
)
("C:\Program Files (x86)\MiKTeX 2.9\tex\latex\tools\longtable.sty"
Package: longtable 2014/10/28 v4.11 Multi-page Table package (DPC)
\LTleft=\skip69
\LTright=\skip70
\LTpre=\skip71
\LTpost=\skip72
\LTchunksize=\count169
\LTcapwidth=\dimen198
\LT@head=\box73
\LT@firsthead=\box74
\LT@foot=\box75
\LT@lastfoot=\box76
\LT@cols=\count170
\LT@rows=\count171
\c@LT@tables=\count172
\c@LT@chunks=\count173
\LT@p@ftn=\toks34
)
("C:\Program Files (x86)\MiKTeX 2.9\tex\latex\fncychap\fncychap.sty"
Package: fncychap 2007/07/30 v1.34 LaTeX package (Revised chapters)
\RW=\skip73
\mylen=\skip74
\myhi=\skip75
\px=\skip76
\py=\skip77
\pyy=\skip78
\pxx=\skip79
)
("C:\Program Files (x86)\MiKTeX 2.9\tex\latex\fancyhdr\fancyhdr.sty"
\fancy@headwidth=\skip80
\f@ncyO@elh=\skip81
\f@ncyO@erh=\skip82
\f@ncyO@olh=\skip83
\f@ncyO@orh=\skip84
\f@ncyO@elf=\skip85
\f@ncyO@erf=\skip86
\f@ncyO@olf=\skip87
\f@ncyO@orf=\skip88
)
\symextraup=\mathgroup7

("C:\Users\Stacy DeRuiter\Dropbox\localtexmf\tex\latex\sfsect.sty"
Package: sfsect 2003/03/29 0.1 (RJP)
)
("C:\Program Files (x86)\MiKTeX 2.9\tex\latex\ltxmisc\relsize.sty"
Package: relsize 2003/07/04 ver 3.1
)
\tempfmlength=\skip89
\fmbox=\box77
\c@example=\count174
\@indexfile=\write7
\openout7 = `STAT241-S19.idx'.


Writing index file STAT241-S19.idx
("C:\Program Files (x86)\MiKTeX 2.9\tex\latex\upquote\upquote.sty"
Package: upquote 2012/04/19 v1.3 upright-quote and grave-accent glyphs in verba
tim
)
(STAT241-S19.aux)
\openout1 = `STAT241-S19.aux'.

LaTeX Font Info:    Checking defaults for OML/cmm/m/it on input line 240.
LaTeX Font Info:    ... okay on input line 240.
LaTeX Font Info:    Checking defaults for T1/cmr/m/n on input line 240.
LaTeX Font Info:    ... okay on input line 240.
LaTeX Font Info:    Checking defaults for OT1/cmr/m/n on input line 240.
LaTeX Font Info:    ... okay on input line 240.
LaTeX Font Info:    Checking defaults for OMS/cmsy/m/n on input line 240.
LaTeX Font Info:    ... okay on input line 240.
LaTeX Font Info:    Checking defaults for OMX/cmex/m/n on input line 240.
LaTeX Font Info:    ... okay on input line 240.
LaTeX Font Info:    Checking defaults for U/cmr/m/n on input line 240.
LaTeX Font Info:    ... okay on input line 240.
LaTeX Font Info:    Checking defaults for PD1/pdf/m/n on input line 240.
LaTeX Font Info:    ... okay on input line 240.
LaTeX Font Info:    Checking defaults for PU/pdf/m/n on input line 240.
LaTeX Font Info:    ... okay on input line 240.

*geometry* detected driver: pdftex
*geometry* verbose mode - [ preamble ] result:
* driver: pdftex
* paper: <default>
* layout: <same size as paper>
* layoutoffset:(h,v)=(0.0pt,0.0pt)
* modes: twoside 
* h-part:(L,W,R)=(65.04256pt, 484.20988pt, 65.04256pt)
* v-part:(T,H,B)=(65.04256pt, 664.88487pt, 65.04256pt)
* \paperwidth=614.295pt
* \paperheight=794.96999pt
* \textwidth=484.20988pt
* \textheight=664.88487pt
* \oddsidemargin=-7.22743pt
* \evensidemargin=-7.22743pt
* \topmargin=-37.29492pt
* \headheight=12.0pt
* \headsep=18.06749pt
* \topskip=10.0pt
* \footskip=25.29494pt
* \marginparwidth=125.0pt
* \marginparsep=7.0pt
* \columnsep=10.0pt
* \skip\footins=9.0pt plus 4.0pt minus 2.0pt
* \hoffset=0.0pt
* \voffset=0.0pt
* \mag=1000
* \@twocolumnfalse
* \@twosidetrue
* \@mparswitchtrue
* \@reversemarginfalse
* (1in=72.27pt=25.4mm, 1cm=28.453pt)

\AtBeginShipoutBox=\box78
Package hyperref Info: Link coloring OFF on input line 240.
("C:\Program Files (x86)\MiKTeX 2.9\tex\latex\hyperref\nameref.sty"
Package: nameref 2012/10/27 v2.43 Cross-referencing by name of section

("C:\Program Files (x86)\MiKTeX 2.9\tex\generic\oberdiek\gettitlestring.sty"
Package: gettitlestring 2010/12/03 v1.4 Cleanup title references (HO)
)
\c@section@level=\count175
)
LaTeX Info: Redefining \ref on input line 240.
LaTeX Info: Redefining \pageref on input line 240.
LaTeX Info: Redefining \nameref on input line 240.

(STAT241-S19.out) (STAT241-S19.out)
\@outlinefile=\write8
\openout8 = `STAT241-S19.out'.

 ABD: EveryShipout initializing macros
Requested font "cmr17" at 17.28pt
Requested font "cmr12" at 12.0pt
Requested font "cmr8" at 8.0pt
Requested font "cmr6" at 6.0pt
Requested font "cmmi12" at 12.0pt
Requested font "cmmi8" at 8.0pt
Requested font "cmmi6" at 6.0pt
Requested font "cmsy10" at 12.0pt
Requested font "cmsy8" at 8.0pt
Requested font "cmsy6" at 6.0pt
Requested font "cmex10" at 12.0pt
Requested font "cmex8" at 8.0pt
Requested font "cmex7" at 6.0pt
Requested font "cmbx12" at 12.0pt
Requested font "cmbx8" at 8.0pt
Requested font "cmbx6" at 6.0pt
Requested font "cmmib10" at 12.0pt
Requested font "cmmib8" at 8.0pt
Requested font "cmmib6" at 6.0pt
Requested font "cmbsy10" at 12.0pt
Requested font "cmbsy8" at 8.0pt
Requested font "cmbsy6" at 6.0pt
LaTeX Font Info:    Try loading font information for U+zavm on input line 244.

("C:\Program Files (x86)\MiKTeX 2.9\tex\latex\arev\uzavm.fd"
File: uzavm.fd 2006/05/30 Fontinst v1.929 font definitions for U/zavm.
)
Requested font "favmr7y" at 12.0pt
Requested font "favmr7y" at 8.0pt
Requested font "favmr7y" at 6.0pt

("C:\Program Files (x86)\MiKTeX 2.9\tex\generic\oberdiek\se-ascii-print.def"
File: se-ascii-print.def 2011/12/02 v1.10 stringenc: Printable ASCII characters

)
[1


]
Requested font "cmr12" at 14.4pt
Requested font "cmss12" at 14.4pt
Requested font "cmssbx10" at 14.4pt
 (STAT241-S19.toc
Requested font "cmbx10" at 10.0pt
Requested font "cmss10" at 10.0pt
Requested font "cmex7" at 7.0pt
Requested font "cmex7" at 5.0pt
Requested font "cmbx7" at 7.0pt
Requested font "cmbx5" at 5.0pt
Requested font "cmmib10" at 10.0pt
Requested font "cmmib7" at 7.0pt
Requested font "cmmib5" at 5.0pt
Requested font "cmbsy10" at 10.0pt
Requested font "cmbsy7" at 7.0pt
Requested font "cmbsy5" at 5.0pt
Requested font "favmr7y" at 10.0pt
Requested font "favmr7y" at 7.0pt
Requested font "favmr7y" at 5.0pt

Underfull \vbox (badness 10000) has occurred while \output is active []

 [2

]
[3])
\tf@toc=\write9
\openout9 = `STAT241-S19.toc'.

 [4]
Chapter 0.
LaTeX Font Info:    Try loading font information for OT1+pzc on input line 263.

("C:\Program Files (x86)\MiKTeX 2.9\tex\latex\psnfss\ot1pzc.fd"
File: ot1pzc.fd 2001/06/04 font definitions for OT1/pzc.
)
LaTeX Font Info:    Font shape `OT1/pzc/m/n' in size <76> not available
(Font)              Font shape `OT1/pzc/mb/it' tried instead on input line 263.

Requested font "pzcmi7t" at 76.0pt

Overfull \hbox (10.0pt too wide) in paragraph at lines 263--263
[][][][][][][][][]  
 []

Requested font "cmssbx10" at 10.0pt
[5

]
Requested font "cmti10" at 10.0pt
 [6]
Chapter 1.

Overfull \hbox (10.0pt too wide) in paragraph at lines 340--340
[][][][][][][][][]  
 []

File: images/RStudio-Welcome2.png Graphic file (type QTm)
<use  "images/RStudio-Welcome2.png" >
Requested font "cmtt10" at 10.0pt
Requested font "cmssbx10" at 12.0pt
LaTeX Font Info:    Font shape `OT1/cmtt/bx/n' in size <10> not available
(Font)              Font shape `OT1/cmtt/m/n' tried instead on input line 414.
 [7

]
Requested font "cmitt10" at 10.0pt
 [8]
LaTeX Font Info:    Try loading font information for OMS+cmr on input line 501.


("C:\Program Files (x86)\MiKTeX 2.9\tex\latex\base\omscmr.fd"
File: omscmr.fd 2014/09/29 v2.5h Standard LaTeX font definitions
)
LaTeX Font Info:    Font shape `OMS/cmr/m/n' in size <10> not available
(Font)              Font shape `OMS/cmsy/m/n' tried instead on input line 501.
 [9]
Requested font "cmss12" at 12.0pt
 [10]
[11] [12]
File: figures/fig-histogram-1.pdf Graphic file (type QTm)
 <use  "figures/fig-histogram-1.pdf" >
File: figures/fig-histogram-2.pdf Graphic file (type QTm)

<use  "figures/fig-histogram-2.pdf" > [13]
File: figures/fig-histogram2-1.pdf Graphic file (type QTm)

<use  "figures/fig-histogram2-1.pdf" >
File: figures/fig-histogram2-2.pdf Graphic file (type QTm)
 <use  "figures/fig-histogram2-2.pdf" >
File: figures/fig-histogram2-3.pdf Graphic file (type QTm)

<use  "figures/fig-histogram2-3.pdf" >
Requested font "cmtt8" at 8.0pt
File: figures/fig-xhistogram-1.pdf Graphic file (type QTm)
 <use  "figures/fig-xhistogram-1.pdf" >
File: figures/fig-xhistogram-2.pdf Graphic file (type QTm)

<use  "figures/fig-xhistogram-2.pdf" >
File: figures/fig-xhistogram-3.pdf Graphic file (type QTm)
 <use  "figures/fig-xhistogram-3.pdf" >
File: figures/fig-densityplot-1.pdf Graphic file (type QTm)

<use  "figures/fig-densityplot-1.pdf" >
File: figures/fig-densityplot-2.pdf Graphic file (type QTm)

<use  "figures/fig-densityplot-2.pdf" > [14]
File: figures/fig-bargraph-1.pdf Graphic file (type QTm)

<use  "figures/fig-bargraph-1.pdf" >
File: figures/fig-bargraph-2.pdf Graphic file (type QTm)
 <use  "figures/fig-bargraph-2.pdf" >
Underfull \vbox (badness 2134) has occurred while \output is active []

 [15]
File: figures/fig-compare-ages-1.pdf Graphic file (type QTm)

<use  "figures/fig-compare-ages-1.pdf" >
File: figures/fig-compare-ages-2.pdf Graphic file (type QTm)

<use  "figures/fig-compare-ages-2.pdf" >
File: figures/fig-substance-by-sex-1.pdf Graphic file (type QTm)

<use  "figures/fig-substance-by-sex-1.pdf" >
Underfull \vbox (badness 1694) has occurred while \output is active []

 [16]
File: figures/fig-groups-1.pdf Graphic file (type QTm)

<use  "figures/fig-groups-1.pdf" >
File: figures/fig-groups-2.pdf Graphic file (type QTm)
 <use  "figures/fig-groups-2.pdf" >
File: figures/fig-groups-conditions-1.pdf Graphic file (type QTm)

<use  "figures/fig-groups-conditions-1.pdf" >
Underfull \vbox (badness 10000) has occurred while \output is active []

 [17]
File: figures/fig-groups-conditions2-1.pdf Graphic file (type QTm)

<use  "figures/fig-groups-conditions2-1.pdf" > [18]
File: figures/fig-xyplot1-1.pdf Graphic file (type QTm)

<use  "figures/fig-xyplot1-1.pdf" >
File: figures/fig-xyplot2-1.pdf Graphic file (type QTm)
 <use  "figures/fig-xyplot2-1.pdf" >
File: figures/fig-xyplot2-2.pdf Graphic file (type QTm)

<use  "figures/fig-xyplot2-2.pdf" >
Underfull \vbox (badness 10000) has occurred while \output is active []

 [19]
[20]
File: images/NewRMarkdown.png Graphic file (type QTm)
 <use  "images/NewRMarkdown.png" >
File: images/NewRMarkdownPopup.png Graphic file (type QTm)
 <use  "images/NewRMarkdownPopup.png" >
Underfull \vbox (badness 10000) has occurred while \output is active []

 [21]
File: images/MardownQuickReference.png Graphic file (type QTm)

<use  "images/MardownQuickReference.png" >
File: images/InsertChunk.png Graphic file (type QTm)
 <use  "images/InsertChunk.png" >
[22]
File: figures/fig-iris-xyplot-key-1.pdf Graphic file (type QTm)
 <use  "figures/fig-iris-xyplot-key-1.pdf" > [23]
Overfull \hbox (14.53577pt too wide) in paragraph at lines 1332--1332
[][]\OT1/cmtt/m/n/10 xyplot[][](Sepal.Length[] []~[] []Sepal.Width,[] []groups[
] []= Species,[] []data[] []= iris,[] []auto.key[] []=[] []list[][]([][]columns
[] []=[] []3[][]),[][] 
 []

File: figures/fig-iris-xyplot-alpha-1.pdf Graphic file (type QTm)
<use  "figures/fig-iris-xyplot-alpha-1.pdf" >
Overfull \hbox (98.53503pt too wide) in paragraph at lines 1352--1352
[]    []\OT1/cmtt/m/n/10 sub[] []=[] []"(R. A. Fisher analysized this data in 1
936)"[][],[] []xlab[] []=[] []"sepal width (cm)"[][],[] []ylab[] []=[] []"sepal
 length (cm)"[][],[][] 
 []

File: figures/fig-iris-xyplot-text-1.pdf Graphic file (type QTm)
<use  "figures/fig-iris-xyplot-text-1.pdf" >
Underfull \vbox (badness 1184) has occurred while \output is active []

 [24]
File: figures/fig-pch-lwd-lty-1.pdf Graphic file (type QTm)

<use  "figures/fig-pch-lwd-lty-1.pdf" >
File: figures/fig-pch-lwd-lty-2.pdf Graphic file (type QTm)

<use  "figures/fig-pch-lwd-lty-2.pdf" >
File: figures/fig-col-1.pdf Graphic file (type QTm)
 <use  "figures/fig-col-1.pdf" >
[25]
File: figures/fig-themes-whitbg-1.pdf Graphic file (type QTm)
 <use  "figures/fig-themes-whitbg-1.pdf" >
Underfull \vbox (badness 10000) has occurred while \output is active []

 [26]
[27]
File: figures/fig-themes-abd-1.pdf Graphic file (type QTm)
 <use  "figures/fig-themes-abd-1.pdf" >
File: figures/fig-themes-mosaic-1.pdf Graphic file (type QTm)

<use  "figures/fig-themes-mosaic-1.pdf" >
Underfull \vbox (badness 1142) has occurred while \output is active []

 [28]
File: figures/fig-themes-mosaicbw-1.pdf Graphic file (type QTm)

<use  "figures/fig-themes-mosaicbw-1.pdf" > [29]
Requested font "cmtt12" at 14.4pt
 [30] [31]
File: figures/fig-hist-unequal-bins-1.pdf Graphic file (type QTm)

<use  "figures/fig-hist-unequal-bins-1.pdf" >
LaTeX Font Info:    Try loading font information for OMS+cmtt on input line 171
5.
LaTeX Font Info:    No file OMScmtt.fd. on input line 1715.


LaTeX Font Warning: Font shape `OMS/cmtt/bx/n' undefined
(Font)              using `OMS/cmsy/m/n' instead
(Font)              for symbol `textbraceleft' on input line 1715.


Overfull \hbox (19.78572pt too wide) in paragraph at lines 1717--1717
[]\OT1/cmtt/m/n/10 ## Warning in histogram.formula(~Sepal.Length, data = iris, 
breaks = c(4, 5, : type='count' can
 []

File: figures/fig-hist-unequal-bins-bad-1.pdf Graphic file (type QTm)
<use  "figures/fig-hist-unequal-bins-bad-1.pdf" >
File: figures/fig-hist-unequal-bins-bad-2.pdf Graphic file (type QTm)

<use  "figures/fig-hist-unequal-bins-bad-2.pdf" > [32]
Overfull \hbox (14.53577pt too wide) in paragraph at lines 1755--1755
[]\OT1/cmtt/m/n/10 ## Warning in library(package, lib.loc = lib.loc, character.
only = TRUE, logical.return = TRUE,
 []

File: figures/fig-unnamed-chunk-19-1.pdf Graphic file (type QTm)
<use  "figures/fig-unnamed-chunk-19-1.pdf" >
File: figures/fig-unnamed-chunk-21-1.pdf Graphic file (type QTm)

<use  "figures/fig-unnamed-chunk-21-1.pdf" >
File: figures/fig-unnamed-chunk-22-1.pdf Graphic file (type QTm)

<use  "figures/fig-unnamed-chunk-22-1.pdf" >
File: figures/fig-unnamed-chunk-23-1.pdf Graphic file (type QTm)

<use  "figures/fig-unnamed-chunk-23-1.pdf" >
File: figures/fig-unnamed-chunk-25-1.pdf Graphic file (type QTm)

<use  "figures/fig-unnamed-chunk-25-1.pdf" >
File: figures/fig-unnamed-chunk-26-1.pdf Graphic file (type QTm)

<use  "figures/fig-unnamed-chunk-26-1.pdf" >
File: figures/fig-unnamed-chunk-27-1.pdf Graphic file (type QTm)

<use  "figures/fig-unnamed-chunk-27-1.pdf" >
File: figures/fig-unnamed-chunk-30-1.pdf Graphic file (type QTm)

<use  "figures/fig-unnamed-chunk-30-1.pdf" >
File: figures/fig-unnamed-chunk-30-2.pdf Graphic file (type QTm)

<use  "figures/fig-unnamed-chunk-30-2.pdf" >
File: figures/fig-unnamed-chunk-31-1.pdf Graphic file (type QTm)

<use  "figures/fig-unnamed-chunk-31-1.pdf" >
File: figures/fig-unnamed-chunk-31-2.pdf Graphic file (type QTm)

<use  "figures/fig-unnamed-chunk-31-2.pdf" >
File: figures/fig-unnamed-chunk-31-3.pdf Graphic file (type QTm)

<use  "figures/fig-unnamed-chunk-31-3.pdf" >
File: figures/fig-unnamed-chunk-33-1.pdf Graphic file (type QTm)

<use  "figures/fig-unnamed-chunk-33-1.pdf" >
File: figures/fig-unnamed-chunk-33-2.pdf Graphic file (type QTm)

<use  "figures/fig-unnamed-chunk-33-2.pdf" >
File: figures/fig-unnamed-chunk-34-1.pdf Graphic file (type QTm)

<use  "figures/fig-unnamed-chunk-34-1.pdf" >
File: figures/fig-unnamed-chunk-34-2.pdf Graphic file (type QTm)

<use  "figures/fig-unnamed-chunk-34-2.pdf" >
File: figures/fig-unnamed-chunk-35-1.pdf Graphic file (type QTm)

<use  "figures/fig-unnamed-chunk-35-1.pdf" >
File: figures/fig-unnamed-chunk-35-2.pdf Graphic file (type QTm)

<use  "figures/fig-unnamed-chunk-35-2.pdf" >
File: figures/fig-unnamed-chunk-36-1.pdf Graphic file (type QTm)

<use  "figures/fig-unnamed-chunk-36-1.pdf" >
File: figures/fig-unnamed-chunk-36-2.pdf Graphic file (type QTm)

<use  "figures/fig-unnamed-chunk-36-2.pdf" >
File: figures/fig-unnamed-chunk-37-1.pdf Graphic file (type QTm)

<use  "figures/fig-unnamed-chunk-37-1.pdf" >
File: figures/fig-unnamed-chunk-37-2.pdf Graphic file (type QTm)

<use  "figures/fig-unnamed-chunk-37-2.pdf" >
File: figures/fig-unnamed-chunk-38-1.pdf Graphic file (type QTm)

<use  "figures/fig-unnamed-chunk-38-1.pdf" >
File: figures/fig-unnamed-chunk-38-2.pdf Graphic file (type QTm)

<use  "figures/fig-unnamed-chunk-38-2.pdf" > [33] [34]
Chapter 2.

Overfull \hbox (10.0pt too wide) in paragraph at lines 2270--2270
[][][][][][][][][]  
 []


Underfull \vbox (badness 1264) has occurred while \output is active []

 [35

]
File: figures/fig-histogram-dollar-1.pdf Graphic file (type QTm)

<use  "figures/fig-histogram-dollar-1.pdf" >
Underfull \vbox (badness 10000) has occurred while \output is active []

 [36]
[37]
Overfull \hbox (2.6793pt too wide) in paragraph at lines 2494--2497
\OT1/cmr/m/n/10 The []\OT1/cmtt/m/n/10 histogram()[][] \OT1/cmr/m/n/10 func-tio
n of-fers you the op-tion of adding the counts to the graph, via the log-i-cal 
(TRUE/FALSE)
 []

[38]
File: figures/fig-xhistogram-counts-1.pdf Graphic file (type QTm)
 <use  "figures/fig-xhistogram-counts-1.pdf" > [39]
File: figures/fig-teen-deaths-1.pdf Graphic file (type QTm)

<use  "figures/fig-teen-deaths-1.pdf" >
File: figures/fig-teen-deaths-2.pdf Graphic file (type QTm)

<use  "figures/fig-teen-deaths-2.pdf" >
File: figures/fig-teen-deaths-order-1.pdf Graphic file (type QTm)

<use  "figures/fig-teen-deaths-order-1.pdf" >
File: figures/fig-teen-deaths-order-2.pdf Graphic file (type QTm)

<use  "figures/fig-teen-deaths-order-2.pdf" > [40]
Underfull \vbox (badness 5274) has occurred while \output is active []

 [41]
[42] [43]
File: figures/fig-faithful-1.pdf Graphic file (type QTm)
 <use  "figures/fig-faithful-1.pdf" >
File: figures/fig-bwplot-1.pdf Graphic file (type QTm)

<use  "figures/fig-bwplot-1.pdf" > [44]
File: figures/fig-bwplot1-1.pdf Graphic file (type QTm)
 <use  "figures/fig-bwplot1-1.pdf" >
File: figures/fig-bwplot2-1.pdf Graphic file (type QTm)

<use  "figures/fig-bwplot2-1.pdf" >
File: figures/fig-bwplot2-2.pdf Graphic file (type QTm)
 <use  "figures/fig-bwplot2-2.pdf" >
File: figures/fig-bwplot3-1.pdf Graphic file (type QTm)

<use  "figures/fig-bwplot3-1.pdf" > [45]
File: figures/fig-xyplot-quant-by-cat-1.pdf Graphic file (type QTm)

<use  "figures/fig-xyplot-quant-by-cat-1.pdf" >
File: figures/fig-xyplot-quant-by-cat-2.pdf Graphic file (type QTm)

<use  "figures/fig-xyplot-quant-by-cat-2.pdf" >
File: figures/fig-stripplot-1.pdf Graphic file (type QTm)

<use  "figures/fig-stripplot-1.pdf" >
File: figures/fig-stripplot-2.pdf Graphic file (type QTm)
 <use  "figures/fig-stripplot-2.pdf" >
[46] [47]
File: figures/fig-unnamed-chunk-43-1.pdf Graphic file (type QTm)
 <use  "figures/fig-unnamed-chunk-43-1.pdf" > [48]
Chapter 3.

Overfull \hbox (10.0pt too wide) in paragraph at lines 3169--3169
[][][][][][][][][]  
 []

[49

]
File: figures/fig-discrete_pmf-1.pdf Graphic file (type QTm)
 <use  "figures/fig-discrete_pmf-1.pdf" >
File: figures/fig-cont_pdf-1.pdf Graphic file (type QTm)

<use  "figures/fig-cont_pdf-1.pdf" > [50] [51]
File: figures/fig-coin-tosses-1.pdf Graphic file (type QTm)

<use  "figures/fig-coin-tosses-1.pdf" > [52] [53]
File: figures/fig-unnamed-chunk-51-1.pdf Graphic file (type QTm)

<use  "figures/fig-unnamed-chunk-51-1.pdf" > [54] [55] [56]
File: images/date-punnet.png Graphic file (type QTm)

<use  "images/date-punnet.png" > [57] [58] [59]
Requested font "cmmi12" at 14.4pt
Requested font "cmsy10" at 14.4pt
Requested font "cmex10" at 14.4pt
Requested font "cmbx12" at 14.4pt
Requested font "cmmib10" at 14.4pt
Requested font "cmbsy10" at 14.4pt
Requested font "favmr7y" at 14.4pt
 [60] [61] [62]
File: figures/fig-unnamed-chunk-53-1.pdf Graphic file (type QTm)

<use  "figures/fig-unnamed-chunk-53-1.pdf" >
Underfull \vbox (badness 6641) has occurred while \output is active []

 [63]
[64]
File: images/cigarettes-cartoon.png Graphic file (type QTm)
 <use  "images/cigarettes-cartoon.png" > [65] [66]
Chapter 4.

Overfull \hbox (10.0pt too wide) in paragraph at lines 4530--4530
[][][][][][][][][]  
 []

File: figures/fig-histograms-count-density-1.pdf Graphic file (type QTm)
<use  "figures/fig-histograms-count-density-1.pdf" >
File: figures/fig-histograms-count-density-2.pdf Graphic file (type QTm)

<use  "figures/fig-histograms-count-density-2.pdf" >
File: figures/fig-histogram-density-1.pdf Graphic file (type QTm)

<use  "figures/fig-histogram-density-1.pdf" >
File: figures/fig-histogram-density-2.pdf Graphic file (type QTm)

<use  "figures/fig-histogram-density-2.pdf" >
Underfull \vbox (badness 10000) has occurred while \output is active []

 [67

]
[68]
Requested font "cmss8" at 8.0pt
File: figures/fig-unnamed-chunk-63-1.pdf Graphic file (type QTm)
 <use  "figures/fig-unnamed-chunk-63-1.pdf" > [69] [70] [71]
File: figures/fig-unnamed-chunk-67-1.pdf Graphic file (type QTm)

<use  "figures/fig-unnamed-chunk-67-1.pdf" > [72] [73]
File: figures/fig-unnamed-chunk-70-1.pdf Graphic file (type QTm)

<use  "figures/fig-unnamed-chunk-70-1.pdf" > [74] [75]
Requested font "cmss8" at 7.0pt
Requested font "cmss8" at 5.0pt
Requested font "cmtt8" at 7.0pt
Requested font "cmtt8" at 5.0pt

Overfull \hbox (14.53577pt too wide) in paragraph at lines 5266--5266
[]\OT1/cmtt/m/n/10 ## Warning in library(package, lib.loc = lib.loc, character.
only = TRUE, logical.return = TRUE,
 []


Overfull \hbox (19.78572pt too wide) in paragraph at lines 5271--5271
[]\OT1/cmtt/m/n/10 ## Error in qtriangle(p = c(1e-04, 3e-04, 5e-04, 7e-04, 9e-0
4, 0.0011, 0.0013, : could not find
 []

[76]
File: figures/fig-unnamed-chunk-77-1.pdf Graphic file (type QTm)
 <use  "figures/fig-unnamed-chunk-77-1.pdf" >
File: figures/fig-unnamed-chunk-77-2.pdf Graphic file (type QTm)

<use  "figures/fig-unnamed-chunk-77-2.pdf" > [77] [78]
File: figures/fig-plotDist-eponential-1.pdf Graphic file (type QTm)

<use  "figures/fig-plotDist-eponential-1.pdf" > [79]
File: figures/fig-unnamed-chunk-81-1.pdf Graphic file (type QTm)

<use  "figures/fig-unnamed-chunk-81-1.pdf" >
File: figures/fig-unnamed-chunk-81-2.pdf Graphic file (type QTm)

<use  "figures/fig-unnamed-chunk-81-2.pdf" >
File: figures/fig-unnamed-chunk-81-3.pdf Graphic file (type QTm)

<use  "figures/fig-unnamed-chunk-81-3.pdf" >
File: figures/fig-unnamed-chunk-81-4.pdf Graphic file (type QTm)

<use  "figures/fig-unnamed-chunk-81-4.pdf" > [80]
File: figures/fig-unnamed-chunk-82-1.pdf Graphic file (type QTm)

<use  "figures/fig-unnamed-chunk-82-1.pdf" >
File: figures/fig-unnamed-chunk-82-2.pdf Graphic file (type QTm)

<use  "figures/fig-unnamed-chunk-82-2.pdf" >
File: figures/fig-unnamed-chunk-82-3.pdf Graphic file (type QTm)

<use  "figures/fig-unnamed-chunk-82-3.pdf" >
File: figures/fig-unnamed-chunk-82-4.pdf Graphic file (type QTm)

<use  "figures/fig-unnamed-chunk-82-4.pdf" >
File: figures/fig-unnamed-chunk-83-1.pdf Graphic file (type QTm)

<use  "figures/fig-unnamed-chunk-83-1.pdf" > [81] [82]
File: figures/fig-unnamed-chunk-85-1.pdf Graphic file (type QTm)

<use  "figures/fig-unnamed-chunk-85-1.pdf" >
File: figures/fig-unnamed-chunk-85-2.pdf Graphic file (type QTm)

<use  "figures/fig-unnamed-chunk-85-2.pdf" > [83]
File: figures/fig-unnamed-chunk-87-1.pdf Graphic file (type QTm)

<use  "figures/fig-unnamed-chunk-87-1.pdf" >
File: figures/fig-unnamed-chunk-87-2.pdf Graphic file (type QTm)

<use  "figures/fig-unnamed-chunk-87-2.pdf" >
File: figures/fig-unnamed-chunk-87-3.pdf Graphic file (type QTm)

<use  "figures/fig-unnamed-chunk-87-3.pdf" >
File: figures/fig-unnamed-chunk-87-4.pdf Graphic file (type QTm)

<use  "figures/fig-unnamed-chunk-87-4.pdf" > [84]
File: figures/fig-unnamed-chunk-94-1.pdf Graphic file (type QTm)

<use  "figures/fig-unnamed-chunk-94-1.pdf" >
Underfull \vbox (badness 5217) has occurred while \output is active []

 [85]
[86]
File: figures/fig-xhistogram-Wind-1.pdf Graphic file (type QTm)
 <use  "figures/fig-xhistogram-Wind-1.pdf" >
File: figures/fig-unnamed-chunk-97-1.pdf Graphic file (type QTm)

<use  "figures/fig-unnamed-chunk-97-1.pdf" >

LaTeX Warning: Citation `Morgan2011:WindSpeed' on page 87 undefined on input li
ne 6382.

[87]
File: figures/fig-likelihood-1.pdf Graphic file (type QTm)
 <use  "figures/fig-likelihood-1.pdf" > [88] [89] [90] [91]
File: figures/fig-unnamed-chunk-102-1.pdf Graphic file (type QTm)

<use  "figures/fig-unnamed-chunk-102-1.pdf" >
Requested font "cmr9" at 9.0pt
Requested font "cmmi9" at 9.0pt
Requested font "cmsy9" at 9.0pt
Requested font "cmex9" at 9.0pt
Requested font "cmbx9" at 9.0pt
Requested font "cmmib9" at 9.0pt
Requested font "cmbsy9" at 9.0pt
Requested font "favmr7y" at 9.0pt
Requested font "cmss9" at 9.0pt
Requested font "cmss8" at 6.0pt
 [92] [93]
Overfull \hbox (30.28563pt too wide) in paragraph at lines 6844--6844
[]\OT1/cmtt/m/n/10 ## Warning in mean.default(x, ..., na.rm = na.rm): argument 
is not numeric or logical: returning
 []


Overfull \hbox (30.28563pt too wide) in paragraph at lines 6849--6849
[]\OT1/cmtt/m/n/10 ## Error in data.frame(observed = observed, theoretical = th
eoretical): arguments imply differing
 []

File: figures/fig-hand-qqplot-1.pdf Graphic file (type QTm)
<use  "figures/fig-hand-qqplot-1.pdf" >
Underfull \vbox (badness 10000) has occurred while \output is active []

 [94]
Overfull \hbox (35.53558pt too wide) in paragraph at lines 6892--6892
[]\OT1/cmtt/m/n/10 ## Error in data.frame(observed = observed, theoretical = th
eoretical2): arguments imply differing
 []


Overfull \hbox (19.78572pt too wide) in paragraph at lines 6893--6893
[][]\OT1/cmtt/m/n/10 xyplot[][]( observed[] []~[] []theoretical,[] []data[][]=Q
QData2,[] []main[][]=[][]"Hand made QQ-plot"[][],[] []xlab[][]=[][]"theoretical
 (z)"[] [])[][] 
 []


Overfull \hbox (14.53577pt too wide) in paragraph at lines 6902--6902
[]\OT1/cmtt/m/n/10 ## Warning in mean.default(SmallJordan$Points): argument is 
not numeric or logical: returning
 []


Overfull \hbox (14.53577pt too wide) in paragraph at lines 6907--6907
[]\OT1/cmtt/m/n/10 ## Warning in mean.default(SmallJordan$Points): argument is 
not numeric or logical: returning
 []


Overfull \hbox (14.53577pt too wide) in paragraph at lines 6912--6912
[]\OT1/cmtt/m/n/10 ## Warning in mean.default(SmallJordan$Points): argument is 
not numeric or logical: returning
 []

File: figures/fig-unnamed-chunk-105-1.pdf Graphic file (type QTm)
<use  "figures/fig-unnamed-chunk-105-1.pdf" >
File: figures/fig-unnamed-chunk-105-2.pdf Graphic file (type QTm)

<use  "figures/fig-unnamed-chunk-105-2.pdf" >
File: figures/fig-unnamed-chunk-105-3.pdf Graphic file (type QTm)

<use  "figures/fig-unnamed-chunk-105-3.pdf" >
Underfull \vbox (badness 10000) has occurred while \output is active []

 [95]
File: figures/fig-unnamed-chunk-111-1.pdf Graphic file (type QTm)

<use  "figures/fig-unnamed-chunk-111-1.pdf" >
Underfull \vbox (badness 2285) has occurred while \output is active []

 [96]
File: figures/fig-unnamed-chunk-112-1.pdf Graphic file (type QTm)

<use  "figures/fig-unnamed-chunk-112-1.pdf" >
File: figures/fig-unnamed-chunk-112-2.pdf Graphic file (type QTm)

<use  "figures/fig-unnamed-chunk-112-2.pdf" > [97]
File: figures/fig-unnamed-chunk-115-1.pdf Graphic file (type QTm)

<use  "figures/fig-unnamed-chunk-115-1.pdf" >
File: figures/fig-unnamed-chunk-115-2.pdf Graphic file (type QTm)

<use  "figures/fig-unnamed-chunk-115-2.pdf" >
File: figures/fig-unnamed-chunk-119-1.pdf Graphic file (type QTm)

<use  "figures/fig-unnamed-chunk-119-1.pdf" >
File: figures/fig-unnamed-chunk-119-2.pdf Graphic file (type QTm)

<use  "figures/fig-unnamed-chunk-119-2.pdf" >
File: figures/fig-unnamed-chunk-120-1.pdf Graphic file (type QTm)

<use  "figures/fig-unnamed-chunk-120-1.pdf" >
File: figures/fig-unnamed-chunk-121-1.pdf Graphic file (type QTm)

<use  "figures/fig-unnamed-chunk-121-1.pdf" >
File: figures/fig-compareplots1-1.pdf Graphic file (type QTm)

<use  "figures/fig-compareplots1-1.pdf" >
File: figures/fig-compareplots1-2.pdf Graphic file (type QTm)

<use  "figures/fig-compareplots1-2.pdf" > [98] [99] [100] [101] [102]
Chapter 5.

Overfull \hbox (10.0pt too wide) in paragraph at lines 7533--7533
[][][][][][][][][]  
 []

[103

] [104] [105] [106]
File: figures/fig-dimes-sim-1.pdf Graphic file (type QTm)
 <use  "figures/fig-dimes-sim-1.pdf" >
File: figures/fig-dimes-sim-2.pdf Graphic file (type QTm)

<use  "figures/fig-dimes-sim-2.pdf" > [107] [108] [109] [110] [111]
Underfull \vbox (badness 4001) has occurred while \output is active []

 [112]
[113]
File: figures/fig-unnamed-chunk-124-1.pdf Graphic file (type QTm)
 <use  "figures/fig-unnamed-chunk-124-1.pdf" >
File: figures/fig-unnamed-chunk-124-2.pdf Graphic file (type QTm)

<use  "figures/fig-unnamed-chunk-124-2.pdf" >
File: figures/fig-unnamed-chunk-124-3.pdf Graphic file (type QTm)

<use  "figures/fig-unnamed-chunk-124-3.pdf" > [114] [115] [116] [117] [118]
Chapter 6.

Overfull \hbox (10.0pt too wide) in paragraph at lines 8766--8766
[][][][][][][][][]  
 []

[119

] [120]
File: figures/fig-runif-1.pdf Graphic file (type QTm)
 <use  "figures/fig-runif-1.pdf" >
File: figures/fig-runif-2.pdf Graphic file (type QTm)

<use  "figures/fig-runif-2.pdf" >
File: figures/fig-sum-product-uniform-iid-1.pdf Graphic file (type QTm)

<use  "figures/fig-sum-product-uniform-iid-1.pdf" >
File: figures/fig-sum-product-uniform-iid-2.pdf Graphic file (type QTm)

<use  "figures/fig-sum-product-uniform-iid-2.pdf" >
Underfull \vbox (badness 2073) has occurred while \output is active []

 [121]
File: figures/fig-sum-product-uniform-non-iid-1.pdf Graphic file (type QTm)

<use  "figures/fig-sum-product-uniform-non-iid-1.pdf" >
File: figures/fig-sum-product-uniform-non-iid-2.pdf Graphic file (type QTm)

<use  "figures/fig-sum-product-uniform-non-iid-2.pdf" > [122] [123] [124]
Requested font "cmti8" at 8.0pt


LaTeX Warning: Citation `Student1908' on page 125 undefined on input line 9452.


[125]
File: figures/fig-unnamed-chunk-129-1.pdf Graphic file (type QTm)
 <use  "figures/fig-unnamed-chunk-129-1.pdf" > [126]
Underfull \vbox (badness 10000) has occurred while \output is active []

 [127]
File: figures/fig-CIsim01-1.pdf Graphic file (type QTm)

<use  "figures/fig-CIsim01-1.pdf" >
File: figures/fig-CIsim01-2.pdf Graphic file (type QTm)
 <use  "figures/fig-CIsim01-2.pdf" >
[128] [129] [130]
File: figures/fig-unnamed-chunk-137-1.pdf Graphic file (type QTm)
 <use  "figures/fig-unnamed-chunk-137-1.pdf" >
File: figures/fig-unnamed-chunk-137-2.pdf Graphic file (type QTm)

<use  "figures/fig-unnamed-chunk-137-2.pdf" >
File: figures/fig-unnamed-chunk-138-1.pdf Graphic file (type QTm)

<use  "figures/fig-unnamed-chunk-138-1.pdf" >
File: figures/fig-unnamed-chunk-138-2.pdf Graphic file (type QTm)

<use  "figures/fig-unnamed-chunk-138-2.pdf" >
File: figures/fig-unnamed-chunk-139-1.pdf Graphic file (type QTm)

<use  "figures/fig-unnamed-chunk-139-1.pdf" >
File: figures/fig-unnamed-chunk-139-2.pdf Graphic file (type QTm)

<use  "figures/fig-unnamed-chunk-139-2.pdf" >
Overfull \hbox (39.5358pt too wide) in paragraph at lines 10070--10070
[][]\OT1/cmtt/m/n/10 prob[] []<-[] []makeFun[][]([] []pnorm[][]([] []1[][],[] [
]mean[][]=[][]0[][],[] []sd[][]=[][]2.8[][]/[][]sqrt[][](n) )[] []-[] []pnorm[]
[]([] []-[][]1[][],[] []mean[][]=[][]0[][],[] []sd[][]=[][]2.8[][]/[][]sqrt[][]
(n) )[] []~[] []n )[][] 
 []


Overfull \hbox (20.2721pt too wide) in paragraph at lines 10106--10106
[][]\OT1/cmtt/m/n/10 uniroot[][]([][]makeFun[][]([] []prob[][](n)[] []-[] []0.9
5[] []~[] []n ),[] []c[][]([][]20[][],[] []40[][]) )[]  []\OT1/cmtt/m/it/10 # l
ook for a solution between 20 and 40[][] 
 []

File: figures/fig-unnamed-chunk-146-1.pdf Graphic file (type QTm)
<use  "figures/fig-unnamed-chunk-146-1.pdf" >
File: figures/fig-unnamed-chunk-150-1.pdf Graphic file (type QTm)

<use  "figures/fig-unnamed-chunk-150-1.pdf" >
Requested font "cmbxti10" at 10.0pt
File: figures/fig-unnamed-chunk-152-1.pdf Graphic file (type QTm)

<use  "figures/fig-unnamed-chunk-152-1.pdf" >
File: figures/fig-unnamed-chunk-153-1.pdf Graphic file (type QTm)

<use  "figures/fig-unnamed-chunk-153-1.pdf" >
File: figures/fig-unnamed-chunk-153-2.pdf Graphic file (type QTm)

<use  "figures/fig-unnamed-chunk-153-2.pdf" >
Overfull \hbox (51.28545pt too wide) in paragraph at lines 10495--10495
[]                                                        []\OT1/cmtt/m/n/10 43
7[][],[] []439[][],[] []446[][],[] []447[][],[] []448[][],[] []453[][],[] []454
[][],[] []463[][],[] []465[][]) )[][] 
 []

File: figures/fig-unnamed-chunk-156-1.pdf Graphic file (type QTm)
<use  "figures/fig-unnamed-chunk-156-1.pdf" >
File: figures/fig-unnamed-chunk-156-2.pdf Graphic file (type QTm)

<use  "figures/fig-unnamed-chunk-156-2.pdf" > [131] [132] [133] [134

]
Chapter 7.

Overfull \hbox (10.0pt too wide) in paragraph at lines 11030--11030
[][][][][][][][][]  
 []

[135]
File: figures/fig-unnamed-chunk-158-1.pdf Graphic file (type QTm)
 <use  "figures/fig-unnamed-chunk-158-1.pdf" > [136]
File: figures/fig-unnamed-chunk-159-1.pdf Graphic file (type QTm)

<use  "figures/fig-unnamed-chunk-159-1.pdf" >
File: figures/fig-unnamed-chunk-159-2.pdf Graphic file (type QTm)

<use  "figures/fig-unnamed-chunk-159-2.pdf" > [137]
File: figures/fig-unnamed-chunk-163-1.pdf Graphic file (type QTm)

<use  "figures/fig-unnamed-chunk-163-1.pdf" > [138] [139]
File: figures/fig-osa-scatter-1.pdf Graphic file (type QTm)

<use  "figures/fig-osa-scatter-1.pdf" > [140]
Underfull \vbox (badness 2126) has occurred while \output is active []

 [141]
[142] [143] [144]
File: figures/fig-unnamed-chunk-171-1.pdf Graphic file (type QTm)
 <use  "figures/fig-unnamed-chunk-171-1.pdf" >
File: figures/fig-unnamed-chunk-171-2.pdf Graphic file (type QTm)

<use  "figures/fig-unnamed-chunk-171-2.pdf" >
File: figures/fig-unnamed-chunk-171-3.pdf Graphic file (type QTm)

<use  "figures/fig-unnamed-chunk-171-3.pdf" >
File: figures/fig-acfplot-1.pdf Graphic file (type QTm)

<use  "figures/fig-acfplot-1.pdf" >
Underfull \vbox (badness 10000) has occurred while \output is active []

 [145]
Underfull \vbox (badness 10000) has occurred while \output is active []

 [146]
[147] [148]
File: figures/fig-unnamed-chunk-179-1.pdf Graphic file (type QTm)
 <use  "figures/fig-unnamed-chunk-179-1.pdf" >
Underfull \vbox (badness 10000) has occurred while \output is active []

 [149]
File: figures/fig-unnamed-chunk-184-1.pdf Graphic file (type QTm)

<use  "figures/fig-unnamed-chunk-184-1.pdf" >
File: figures/fig-unnamed-chunk-184-2.pdf Graphic file (type QTm)

<use  "figures/fig-unnamed-chunk-184-2.pdf" >
File: figures/fig-unnamed-chunk-193-1.pdf Graphic file (type QTm)

<use  "figures/fig-unnamed-chunk-193-1.pdf" >
File: figures/fig-unnamed-chunk-193-2.pdf Graphic file (type QTm)

<use  "figures/fig-unnamed-chunk-193-2.pdf" >
File: figures/fig-unnamed-chunk-194-1.pdf Graphic file (type QTm)

<use  "figures/fig-unnamed-chunk-194-1.pdf" >
File: figures/fig-unnamed-chunk-194-2.pdf Graphic file (type QTm)

<use  "figures/fig-unnamed-chunk-194-2.pdf" >
File: figures/fig-unnamed-chunk-195-1.pdf Graphic file (type QTm)

<use  "figures/fig-unnamed-chunk-195-1.pdf" >
File: figures/fig-unnamed-chunk-195-2.pdf Graphic file (type QTm)

<use  "figures/fig-unnamed-chunk-195-2.pdf" >

LaTeX Warning: Citation `Anscombe:1973:Graphs' on page 150 undefined on input l
ine 12389.

[150] [151] [152] [153] [154

]
Chapter 8.

Overfull \hbox (10.0pt too wide) in paragraph at lines 12490--12490
[][][][][][][][][]  
 []


Package hyperref Warning: Token not allowed in a PDF string (Unicode):
(hyperref)                removing `math shift' on input line 12491.


Package hyperref Warning: Token not allowed in a PDF string (Unicode):
(hyperref)                removing `superscript' on input line 12491.


Package hyperref Warning: Token not allowed in a PDF string (Unicode):
(hyperref)                removing `math shift' on input line 12491.

[155]
File: figures/fig-who_slm-1.pdf Graphic file (type QTm)
 <use  "figures/fig-who_slm-1.pdf" > [156]
File: figures/fig-who_slm2-1.pdf Graphic file (type QTm)

<use  "figures/fig-who_slm2-1.pdf" >
Underfull \hbox (badness 3471) in paragraph at lines 12601--12602
[]\OT1/cmr/m/n/10 Fit a "au-tore-gres-sive" model, where
 []


Underfull \vbox (badness 10000) has occurred while \output is active []

 [157]
[158]
File: figures/fig-chickn-1.pdf Graphic file (type QTm)
 <use  "figures/fig-chickn-1.pdf" >
File: figures/fig-chick_acf-1.pdf Graphic file (type QTm)
 <use  "figures/fig-chick_acf-1.pdf" >
Underfull \vbox (badness 10000) has occurred while \output is active []

 [159]
[160]
Underfull \vbox (badness 1189) has occurred while \output is active []

 [161]
File: figures/fig-Ornstein-1.pdf Graphic file (type QTm)

<use  "figures/fig-Ornstein-1.pdf" >
File: figures/fig-Ornstein-2.pdf Graphic file (type QTm)
 <use  "figures/fig-Ornstein-2.pdf" >
[162] [163] [164]
File: figures/fig-unnamed-chunk-202-1.pdf Graphic file (type QTm)
 <use  "figures/fig-unnamed-chunk-202-1.pdf" >
File: figures/fig-unnamed-chunk-202-2.pdf Graphic file (type QTm)

<use  "figures/fig-unnamed-chunk-202-2.pdf" >
File: figures/fig-unnamed-chunk-202-3.pdf Graphic file (type QTm)

<use  "figures/fig-unnamed-chunk-202-3.pdf" >
File: figures/fig-unnamed-chunk-202-4.pdf Graphic file (type QTm)

<use  "figures/fig-unnamed-chunk-202-4.pdf" > [165]
File: figures/fig-unnamed-chunk-205-1.pdf Graphic file (type QTm)

<use  "figures/fig-unnamed-chunk-205-1.pdf" >
Underfull \vbox (badness 4013) has occurred while \output is active []

 [166]
File: figures/fig-unnamed-chunk-207-1.pdf Graphic file (type QTm)

<use  "figures/fig-unnamed-chunk-207-1.pdf" >
File: figures/fig-unnamed-chunk-207-2.pdf Graphic file (type QTm)

<use  "figures/fig-unnamed-chunk-207-2.pdf" >
Underfull \vbox (badness 1484) has occurred while \output is active []

 [167]
File: figures/fig-unnamed-chunk-208-1.pdf Graphic file (type QTm)

<use  "figures/fig-unnamed-chunk-208-1.pdf" >

LaTeX Warning: Citation `Tukey:1977:EDA' on page 168 undefined on input line 13
146.


LaTeX Warning: Citation `Mosteller:1977:DataAnalysis' on page 168 undefined on 
input line 13146.

[168]
File: figures/fig-tukey-bulge1-1.pdf Graphic file (type QTm)
 <use  "figures/fig-tukey-bulge1-1.pdf" > [169]
File: figures/fig-tuky-bulge-many-1.pdf Graphic file (type QTm)

<use  "figures/fig-tuky-bulge-many-1.pdf" >
File: figures/fig-balldrop-1.pdf Graphic file (type QTm)

<use  "figures/fig-balldrop-1.pdf" >
File: figures/fig-balldrop-2.pdf Graphic file (type QTm)
 <use  "figures/fig-balldrop-2.pdf" >
[170] [171]
File: figures/fig-balldrop-transT-1.pdf Graphic file (type QTm)
 <use  "figures/fig-balldrop-transT-1.pdf" >
File: figures/fig-balldrop-transT-2.pdf Graphic file (type QTm)

<use  "figures/fig-balldrop-transT-2.pdf" > [172]
File: figures/fig-balldrop-avg-1.pdf Graphic file (type QTm)

<use  "figures/fig-balldrop-avg-1.pdf" >
File: figures/fig-balldrop-avg-2.pdf Graphic file (type QTm)

<use  "figures/fig-balldrop-avg-2.pdf" >
Underfull \vbox (badness 10000) has occurred while \output is active []

 [173]
[174]
File: figures/fig-unnamed-chunk-209-1.pdf Graphic file (type QTm)
 <use  "figures/fig-unnamed-chunk-209-1.pdf" >
Underfull \vbox (badness 4913) detected at line 13660
 []


Underfull \vbox (badness 1454) has occurred while \output is active []

 [175]
File: figures/fig-unnamed-chunk-210-1.pdf Graphic file (type QTm)

<use  "figures/fig-unnamed-chunk-210-1.pdf" >
File: figures/fig-unnamed-chunk-210-2.pdf Graphic file (type QTm)

<use  "figures/fig-unnamed-chunk-210-2.pdf" >
File: figures/fig-unnamed-chunk-210-3.pdf Graphic file (type QTm)

<use  "figures/fig-unnamed-chunk-210-3.pdf" >
File: figures/fig-unnamed-chunk-210-4.pdf Graphic file (type QTm)

<use  "figures/fig-unnamed-chunk-210-4.pdf" >
File: figures/fig-unnamed-chunk-211-1.pdf Graphic file (type QTm)

<use  "figures/fig-unnamed-chunk-211-1.pdf" >
File: figures/fig-unnamed-chunk-211-2.pdf Graphic file (type QTm)

<use  "figures/fig-unnamed-chunk-211-2.pdf" >
File: figures/fig-unnamed-chunk-212-1.pdf Graphic file (type QTm)

<use  "figures/fig-unnamed-chunk-212-1.pdf" >
File: figures/fig-unnamed-chunk-212-2.pdf Graphic file (type QTm)

<use  "figures/fig-unnamed-chunk-212-2.pdf" >
File: figures/fig-unnamed-chunk-217-1.pdf Graphic file (type QTm)

<use  "figures/fig-unnamed-chunk-217-1.pdf" >
File: figures/fig-unnamed-chunk-217-2.pdf Graphic file (type QTm)

<use  "figures/fig-unnamed-chunk-217-2.pdf" >
File: figures/fig-unnamed-chunk-221-1.pdf Graphic file (type QTm)

<use  "figures/fig-unnamed-chunk-221-1.pdf" >
File: figures/fig-unnamed-chunk-221-2.pdf Graphic file (type QTm)

<use  "figures/fig-unnamed-chunk-221-2.pdf" >
File: figures/fig-unnamed-chunk-221-3.pdf Graphic file (type QTm)

<use  "figures/fig-unnamed-chunk-221-3.pdf" >
File: figures/fig-unnamed-chunk-221-4.pdf Graphic file (type QTm)

<use  "figures/fig-unnamed-chunk-221-4.pdf" >
File: figures/fig-drag-plots-1.pdf Graphic file (type QTm)

<use  "figures/fig-drag-plots-1.pdf" >
File: figures/fig-drag-plots-2.pdf Graphic file (type QTm)
 <use  "figures/fig-drag-plots-2.pdf" >
File: figures/fig-drag-plots-3.pdf Graphic file (type QTm)

<use  "figures/fig-drag-plots-3.pdf" > [176]
File: figures/fig-unnamed-chunk-227-1.pdf Graphic file (type QTm)

<use  "figures/fig-unnamed-chunk-227-1.pdf" >
File: figures/fig-unnamed-chunk-227-2.pdf Graphic file (type QTm)

<use  "figures/fig-unnamed-chunk-227-2.pdf" >
File: figures/fig-unnamed-chunk-227-3.pdf Graphic file (type QTm)

<use  "figures/fig-unnamed-chunk-227-3.pdf" > [177]
File: figures/fig-unnamed-chunk-228-1.pdf Graphic file (type QTm)

<use  "figures/fig-unnamed-chunk-228-1.pdf" > [178]
File: figures/fig-unnamed-chunk-233-1.pdf Graphic file (type QTm)

<use  "figures/fig-unnamed-chunk-233-1.pdf" >
File: figures/fig-unnamed-chunk-233-2.pdf Graphic file (type QTm)

<use  "figures/fig-unnamed-chunk-233-2.pdf" >
File: figures/fig-unnamed-chunk-233-3.pdf Graphic file (type QTm)

<use  "figures/fig-unnamed-chunk-233-3.pdf" >
File: figures/fig-unnamed-chunk-233-4.pdf Graphic file (type QTm)

<use  "figures/fig-unnamed-chunk-233-4.pdf" >
Underfull \vbox (badness 1418) has occurred while \output is active []

 [179]
File: figures/fig-unnamed-chunk-234-1.pdf Graphic file (type QTm)

<use  "figures/fig-unnamed-chunk-234-1.pdf" >
File: figures/fig-unnamed-chunk-235-1.pdf Graphic file (type QTm)

<use  "figures/fig-unnamed-chunk-235-1.pdf" >
Underfull \vbox (badness 5175) has occurred while \output is active []

 [180]
File: figures/fig-unnamed-chunk-236-1.pdf Graphic file (type QTm)

<use  "figures/fig-unnamed-chunk-236-1.pdf" >
File: figures/fig-unnamed-chunk-237-1.pdf Graphic file (type QTm)

<use  "figures/fig-unnamed-chunk-237-1.pdf" >
File: figures/fig-unnamed-chunk-237-2.pdf Graphic file (type QTm)

<use  "figures/fig-unnamed-chunk-237-2.pdf" >
Underfull \vbox (badness 2529) has occurred while \output is active []

 [181]
[182] [183] [184] [185] [186] (STAT241-S19.bbl

LaTeX Warning: Empty `thebibliography' environment on input line 10.

)
No file STAT241-S19.ind.
[187


]
Package atveryend Info: Empty hook `BeforeClearDocument' on input line 14814.
Package atveryend Info: Empty hook `AfterLastShipout' on input line 14814.
 (STAT241-S19.aux)
Package atveryend Info: Empty hook `AtVeryEndDocument' on input line 14814.
Package atveryend Info: Empty hook `AtEndAfterFileList' on input line 14814.


LaTeX Font Warning: Some font shapes were not available, defaults substituted.


LaTeX Warning: There were undefined references.

Package atveryend Info: Empty hook `AtVeryVeryEnd' on input line 14814.
 ) 
Here is how much of TeX's memory you used:
 21833 strings out of 428702
 379086 string characters out of 3162759
 963962 words of memory out of 3000000
 24634 multiletter control sequences out of 15000+200000
 25405 words of font info for 91 fonts, out of 3000000 for 9000
 1096 hyphenation exceptions out of 8191
 55i,19n,59p,1324b,1061s stack positions out of 5000i,500n,10000p,200000b,50000s

Output written on STAT241-S19.pdf (187 pages).
