\BOOKMARK [0][-]{chapter.0}{Where\040do\040numbers\040come\040from?}{}% 1
\BOOKMARK [0][-]{chapter.1}{Graphical\040Summaries\040of\040Data}{}% 2
\BOOKMARK [1][-]{section.1.1}{Getting\040Started\040With\040RStudio}{chapter.1}% 3
\BOOKMARK [1][-]{section.1.2}{Data\040in\040R}{chapter.1}% 4
\BOOKMARK [1][-]{section.1.3}{Graphing\040the\040Distribution\040of\040One\040Variable}{chapter.1}% 5
\BOOKMARK [1][-]{section.1.4}{Looking\040at\040Multiple\040Variables\040at\040Once}{chapter.1}% 6
\BOOKMARK [1][-]{section.1.5}{Exporting\040Plots}{chapter.1}% 7
\BOOKMARK [1][-]{section.1.6}{Reproducible\040Research}{chapter.1}% 8
\BOOKMARK [1][-]{section.1.7}{Customizing\040Graphics:\040A\040Few\040Bells\040and\040Whistles}{chapter.1}% 9
\BOOKMARK [1][-]{section.1.8}{Getting\040Help\040in\040RStudio}{chapter.1}% 10
\BOOKMARK [1][-]{section.1.9}{Graphical Summaries – Important Ideas}{chapter.1}% 11
\BOOKMARK [0][-]{chapter.2}{Numerical\040Summaries}{}% 12
\BOOKMARK [1][-]{section.2.1}{Tabulating\040Data}{chapter.2}% 13
\BOOKMARK [1][-]{section.2.2}{Working\040with\040Pre-Tabulated\040Data}{chapter.2}% 14
\BOOKMARK [1][-]{section.2.3}{Summarizing\040Distributions\040of\040Quantitative\040Variables}{chapter.2}% 15
\BOOKMARK [1][-]{section.2.4}{Measures\040of\040Center}{chapter.2}% 16
\BOOKMARK [1][-]{section.2.5}{Measures\040of\040Spread}{chapter.2}% 17
\BOOKMARK [1][-]{section.2.6}{Summarizing\040Categorical\040Variables}{chapter.2}% 18
\BOOKMARK [1][-]{section.2.7}{Relationships\040Between\040Two\040Variables}{chapter.2}% 19
\BOOKMARK [0][-]{chapter.3}{Random\040Variables\040and\040Probability}{}% 20
\BOOKMARK [1][-]{section.3.1}{Key\040Definitions\040and\040Ideas}{chapter.3}% 21
\BOOKMARK [1][-]{section.3.2}{Calculating\040Probabilities\040Empirically}{chapter.3}% 22
\BOOKMARK [1][-]{section.3.3}{Calculating\040Probabilities\040Theoretically}{chapter.3}% 23
\BOOKMARK [1][-]{section.3.4}{Conditional\040Probability}{chapter.3}% 24
\BOOKMARK [0][-]{chapter.4}{Densities}{}% 25
\BOOKMARK [1][-]{section.4.1}{Density\040histograms,\040density\040plots,\040density\040functions}{chapter.4}% 26
\BOOKMARK [1][-]{section.4.2}{Working\040with\040Probability\040Density\040Funcitons}{chapter.4}% 27
\BOOKMARK [1][-]{section.4.3}{Some\040Important\040Families\040of\040Distributions}{chapter.4}% 28
\BOOKMARK [1][-]{section.4.4}{Fitting\040Distributions\040to\040Data}{chapter.4}% 29
\BOOKMARK [1][-]{section.4.5}{Quantile-Quantile\040Plots}{chapter.4}% 30
\BOOKMARK [0][-]{chapter.5}{Propagation\040of\040Uncertainty}{}% 31
\BOOKMARK [1][-]{section.5.1}{Error\040and\040Uncertainty}{chapter.5}% 32
\BOOKMARK [1][-]{section.5.2}{An\040Example:\040Estimating\040the\040number\040of\040dimes\040in\040a\040sack\040of\040dimes}{chapter.5}% 33
\BOOKMARK [1][-]{section.5.3}{Reporting\040Measurements\040and\040Estimates}{chapter.5}% 34
\BOOKMARK [1][-]{section.5.4}{Additional\040Propagation\040of\040Uncertainty\040Examples}{chapter.5}% 35
\BOOKMARK [1][-]{section.5.5}{Experimental\040Error\040and\040Its\040Causes}{chapter.5}% 36
\BOOKMARK [1][-]{section.5.6}{Uncertainty – How Much Error Might There Be?}{chapter.5}% 37
\BOOKMARK [0][-]{chapter.6}{Random\040Sampling,\040Central\040Limit\040Theorem,\040and\040Confidence\040Intervals}{}% 38
\BOOKMARK [1][-]{section.6.1}{Estimating\040the\040Mean\040of\040a\040Population\040by\040Sampling}{chapter.6}% 39
\BOOKMARK [1][-]{section.6.2}{Simulations}{chapter.6}% 40
\BOOKMARK [1][-]{section.6.3}{Normal\040distributions\040are\040special}{chapter.6}% 41
\BOOKMARK [0][-]{chapter.7}{Linear\040Models}{}% 42
\BOOKMARK [1][-]{section.7.1}{The\040Simple\040Linear\040Regression\040Model}{chapter.7}% 43
\BOOKMARK [1][-]{section.7.2}{Fitting\040the\040Simple\040Linear\040Model}{chapter.7}% 44
\BOOKMARK [1][-]{section.7.3}{Estimating\040the\040Response}{chapter.7}% 45
\BOOKMARK [1][-]{section.7.4}{Parameter\040Estimates}{chapter.7}% 46
\BOOKMARK [1][-]{section.7.5}{Checking\040Assumptions}{chapter.7}% 47
\BOOKMARK [1][-]{section.7.6}{How\040Good\040Are\040Our\040Estimates?}{chapter.7}% 48
\BOOKMARK [0][-]{chapter.8}{Beyond\040Linear\040Regression}{}% 49
\BOOKMARK [1][-]{section.8.1}{How\040big\040is\040your\040R2?}{chapter.8}% 50
\BOOKMARK [1][-]{section.8.2}{Violations\040of\040Linear\040Regression\040Assumptions}{chapter.8}% 51
\BOOKMARK [1][-]{section.8.3}{Non-Normal\040Errors}{chapter.8}% 52
\BOOKMARK [1][-]{section.8.4}{Non-Independence\040of\040Errors}{chapter.8}% 53
\BOOKMARK [1][-]{section.8.5}{Heteroscedasticity\040\(Non-constant\040Error\040Variance\)}{chapter.8}% 54
\BOOKMARK [1][-]{section.8.6}{Non-linear\040Relationships}{chapter.8}% 55
\BOOKMARK [1][-]{section.8.7}{Transformations\040in\040Linear\040Regression}{chapter.8}% 56
\BOOKMARK [1][-]{section.8.8}{Nonlinear\040Least\040Squares}{chapter.8}% 57
